<?xml version="1.0" encoding="UTF-8"?>
<!-- Generated by org.testng.reporters.JUnitReportReporter -->
<testsuite hostname="DESKTOP-U1EED4A" failures="0" tests="1" name="com.runcucumberfile.LoginRunnerfile" time="8.345" errors="0" timestamp="27 Aug 2022 17:00:01 GMT" skipped="0">
  <testcase classname="com.runcucumberfile.LoginRunnerfile" name="runScenario" time="8.345"/>
</testsuite> <!-- com.runcucumberfile.LoginRunnerfile -->
